<?xml version="1.0" encoding="UTF-8"?>
<testsuite xmlns:xsi="http://www.w3.org/2001/XMLSchema-instance" xsi:noNamespaceSchemaLocation="https://maven.apache.org/surefire/maven-surefire-plugin/xsd/surefire-test-report.xsd" name="TestSuite" time="20.872" tests="3" errors="0" skipped="1" failures="2">
  <properties>
[...]
</properties>
  <testcase name="setUp" classname="com.izaanschool.loginpagetest.NegativeLogInTests" time="20.809">
    <failure message="Timed out waiting for driver server to start.&#10;Build info: version: &apos;3.14.0&apos;, revision: &apos;aacccce0&apos;, time: &apos;2018-08-02T20:19:58.91Z&apos;&#10;System info: host: &apos;LAPTOP-SHEJUTI&apos;, ip: &apos;192.168.254.77&apos;, os.name: &apos;Windows 11&apos;, os.arch: &apos;amd64&apos;, os.version: &apos;10.0&apos;, java.version: &apos;1.8.0_371&apos;&#10;Driver info: driver.version: ChromeDriver" type="org.openqa.selenium.WebDriverException">org.openqa.selenium.WebDriverException: 
Timed out waiting for driver server to start.
Build info: version: '3.14.0', revision: 'aacccce0', time: '2018-08-02T20:19:58.91Z'
System info: host: 'LAPTOP-SHEJUTI', ip: '192.168.254.77', os.name: 'Windows 11', os.arch: 'amd64', os.version: '10.0', java.version: '1.8.0_371'
Driver info: driver.version: ChromeDriver
Caused by: org.openqa.selenium.net.UrlChecker$TimeoutException: Timed out waiting for [http://localhost:37034/status] to be available after 20010 ms
Caused by: java.util.concurrent.TimeoutException
</failure>
    <system-out><![CDATA[[main] 16:25:57,374 INFO  [PositiveLogInTest] [TEST PositiveLogInTest STARTED]
[main] 16:25:57,392 INFO  [PositiveLogInTest] Create driver: chrome
]]></system-out>
    <system-err><![CDATA[Jul 14, 2023 4:26:17 PM org.openqa.selenium.os.OsProcess checkForError
SEVERE: org.apache.commons.exec.ExecuteException: Execution failed (Exit value: -559038737. Caused by java.io.IOException: Cannot run program "C:\Users\meshe\2301\B2301WebAutomationFramework\src\main\resources\chromedriver" (in directory "."): CreateProcess error=193, %1 is not a valid Win32 application)
]]></system-err>
  </testcase>
  <testcase name="negativeLogInTests" classname="com.izaanschool.loginpagetest.NegativeLogInTests" time="0">
    <skipped message="Timed out waiting for driver server to start.&#10;Build info: version: &apos;3.14.0&apos;, revision: &apos;aacccce0&apos;, time: &apos;2018-08-02T20:19:58.91Z&apos;&#10;System info: host: &apos;LAPTOP-SHEJUTI&apos;, ip: &apos;192.168.254.77&apos;, os.name: &apos;Windows 11&apos;, os.arch: &apos;amd64&apos;, os.version: &apos;10.0&apos;, java.version: &apos;1.8.0_371&apos;&#10;Driver info: driver.version: ChromeDriver"/>
  </testcase>
  <testcase name="tearDown" classname="com.izaanschool.loginpagetest.NegativeLogInTests" time="20.81">
    <failure type="java.lang.NullPointerException">java.lang.NullPointerException
</failure>
    <system-out><![CDATA[[main] 16:26:17,711 INFO  [PositiveLogInTest] Close driver
]]></system-out>
  </testcase>
</testsuite>